<?xml version="1.0" encoding="UTF-8"?>
<!-- Generated by org.testng.reporters.JUnitReportReporter -->
<testsuite hostname="DESKTOP-EJ7UH8U" failures="0" tests="2" name="com.sauce.qa.testcases.LoginPageTest" time="7.092" errors="0" timestamp="2023-11-28T17:42:22 IST" skipped="0">
  <testcase classname="com.sauce.qa.testcases.LoginPageTest" name="validateLogin" time="4.928"/>
  <testcase classname="com.sauce.qa.testcases.LoginPageTest" name="validateTitle" time="2.164"/>
</testsuite> <!-- com.sauce.qa.testcases.LoginPageTest -->
